<?xml version="1.0" encoding="UTF-8"?>
<testng-results skipped="0" failed="0" ignored="0" total="1" passed="1">
  <reporter-output>
  </reporter-output>
  <suite name="Default suite" duration-ms="5593" started-at="2023-03-06T15:17:00 IST" finished-at="2023-03-06T15:17:05 IST">
    <groups>
    </groups>
    <test name="Default test" duration-ms="5593" started-at="2023-03-06T15:17:00 IST" finished-at="2023-03-06T15:17:05 IST">
      <class name="testPackage.LoginPageTest">
        <test-method status="PASS" signature="setUp()[pri:0, instance:testPackage.LoginPageTest@2833cc44]" name="setUp" is-config="true" duration-ms="4802" started-at="2023-03-06T15:17:00 IST" finished-at="2023-03-06T15:17:05 IST">
          <reporter-output>
          </reporter-output>
        </test-method> <!-- setUp -->
        <test-method status="PASS" signature="loginTest()[pri:0, instance:testPackage.LoginPageTest@2833cc44]" name="loginTest" duration-ms="6" started-at="2023-03-06T15:17:05 IST" finished-at="2023-03-06T15:17:05 IST">
          <reporter-output>
          </reporter-output>
        </test-method> <!-- loginTest -->
        <test-method status="PASS" signature="tearDown()[pri:0, instance:testPackage.LoginPageTest@2833cc44]" name="tearDown" is-config="true" duration-ms="749" started-at="2023-03-06T15:17:05 IST" finished-at="2023-03-06T15:17:05 IST">
          <reporter-output>
          </reporter-output>
        </test-method> <!-- tearDown -->
      </class> <!-- testPackage.LoginPageTest -->
    </test> <!-- Default test -->
  </suite> <!-- Default suite -->
</testng-results>
